{"name": "Verify Homepage", "status": "failed", "statusDetails": {"message": "AssertionError\n", "trace": "  File \"c:\\users\\asus\\pycharmprojects\\bdd_selenium\\venv\\lib\\site-packages\\behave\\model.py\", line 1329, in run\n    match.run(runner.context)\n  File \"c:\\users\\asus\\pycharmprojects\\bdd_selenium\\venv\\lib\\site-packages\\behave\\matchers.py\", line 98, in run\n    self.func(context, *args, **kwargs)\n  File \"Features\\steps\\HomepageSteps.py\", line 32, in step_impl\n    assert False\n"}, "steps": [{"name": "Given Launch the browser", "status": "passed", "start": 1735105310193, "stop": 1735105314017}, {"name": "Then Verify homepage title", "status": "failed", "statusDetails": {"message": "AssertionError\n", "trace": "  File \"c:\\users\\asus\\pycharmprojects\\bdd_selenium\\venv\\lib\\site-packages\\behave\\model.py\", line 1329, in run\n    match.run(runner.context)\n  File \"c:\\users\\asus\\pycharmprojects\\bdd_selenium\\venv\\lib\\site-packages\\behave\\matchers.py\", line 98, in run\n    self.func(context, *args, **kwargs)\n  File \"Features\\steps\\HomepageSteps.py\", line 32, in step_impl\n    assert False\n"}, "start": 1735105314017, "stop": 1735105315013}, {"name": "And Close the browser", "status": "skipped", "start": 1735105315015, "stop": 1735105315015}], "start": 1735105310193, "stop": 1735105315015, "uuid": "34fcdd5c-94e3-49f5-b4af-65baab02250a", "historyId": "0515bb8c18929a41ccd9f39b948f162a", "fullName": "Test Webpage Functionality: Verify Homepage", "labels": [{"name": "severity", "value": "normal"}, {"name": "feature", "value": "Test Webpage Functionality"}, {"name": "framework", "value": "behave"}, {"name": "language", "value": "cpython3"}]}